2012/12/17 07:20:36 [error] [exception.CHttpException.404] exception 'CHttpException' with message 'Unable to resolve the request "index/index".' in C:\wamp\yii\framework\web\CWebApplication.php:287
Stack trace:
#0 C:\wamp\yii\framework\web\CWebApplication.php(142): CWebApplication->runController('index/index')
#1 C:\wamp\yii\framework\base\CApplication.php(162): CWebApplication->processRequest()
#2 C:\wamp\www\itjobsday.com\index.php(13): CApplication->run()
#3 {main}
REQUEST_URI=/index.php/index/index
HTTP_REFERER=http://itjobsday.com/index.php/site/index
---
2012/12/17 07:20:38 [error] [exception.CHttpException.404] exception 'CHttpException' with message 'Unable to resolve the request "index/index".' in C:\wamp\yii\framework\web\CWebApplication.php:287
Stack trace:
#0 C:\wamp\yii\framework\web\CWebApplication.php(142): CWebApplication->runController('index/index')
#1 C:\wamp\yii\framework\base\CApplication.php(162): CWebApplication->processRequest()
#2 C:\wamp\www\itjobsday.com\index.php(13): CApplication->run()
#3 {main}
REQUEST_URI=/index.php/index/index
HTTP_REFERER=http://itjobsday.com/index.php/index/index
---
2012/12/17 07:25:00 [error] [exception.CHttpException.404] exception 'CHttpException' with message 'Unable to resolve the request "index/index".' in C:\wamp\yii\framework\web\CWebApplication.php:287
Stack trace:
#0 C:\wamp\yii\framework\web\CWebApplication.php(142): CWebApplication->runController('index/index')
#1 C:\wamp\yii\framework\base\CApplication.php(162): CWebApplication->processRequest()
#2 C:\wamp\www\itjobsday.com\index.php(13): CApplication->run()
#3 {main}
REQUEST_URI=/index.php/index/index
HTTP_REFERER=http://itjobsday.com/index.php/index/index
---
2012/12/17 07:25:01 [error] [exception.CHttpException.404] exception 'CHttpException' with message 'Unable to resolve the request "index/index".' in C:\wamp\yii\framework\web\CWebApplication.php:287
Stack trace:
#0 C:\wamp\yii\framework\web\CWebApplication.php(142): CWebApplication->runController('index/index')
#1 C:\wamp\yii\framework\base\CApplication.php(162): CWebApplication->processRequest()
#2 C:\wamp\www\itjobsday.com\index.php(13): CApplication->run()
#3 {main}
REQUEST_URI=/index.php/index/index
HTTP_REFERER=http://itjobsday.com/index.php/index/index
---
2012/12/17 07:25:03 [error] [exception.CHttpException.404] exception 'CHttpException' with message 'Unable to resolve the request "index/index".' in C:\wamp\yii\framework\web\CWebApplication.php:287
Stack trace:
#0 C:\wamp\yii\framework\web\CWebApplication.php(142): CWebApplication->runController('index/index')
#1 C:\wamp\yii\framework\base\CApplication.php(162): CWebApplication->processRequest()
#2 C:\wamp\www\itjobsday.com\index.php(13): CApplication->run()
#3 {main}
REQUEST_URI=/index.php/index/index
HTTP_REFERER=http://itjobsday.com/index.php/index/index
---
2012/12/17 07:25:13 [error] [exception.CHttpException.404] exception 'CHttpException' with message 'Unable to resolve the request "index/index".' in C:\wamp\yii\framework\web\CWebApplication.php:287
Stack trace:
#0 C:\wamp\yii\framework\web\CWebApplication.php(142): CWebApplication->runController('index/index')
#1 C:\wamp\yii\framework\base\CApplication.php(162): CWebApplication->processRequest()
#2 C:\wamp\www\itjobsday.com\index.php(13): CApplication->run()
#3 {main}
REQUEST_URI=/index.php/index/index
HTTP_REFERER=http://itjobsday.com/index.php/index/index
---
2012/12/17 07:25:14 [error] [exception.CHttpException.404] exception 'CHttpException' with message 'Unable to resolve the request "index/index".' in C:\wamp\yii\framework\web\CWebApplication.php:287
Stack trace:
#0 C:\wamp\yii\framework\web\CWebApplication.php(142): CWebApplication->runController('index/index')
#1 C:\wamp\yii\framework\base\CApplication.php(162): CWebApplication->processRequest()
#2 C:\wamp\www\itjobsday.com\index.php(13): CApplication->run()
#3 {main}
REQUEST_URI=/index.php/index/index
HTTP_REFERER=http://itjobsday.com/index.php/index/index
---
2012/12/17 07:26:48 [error] [exception.CHttpException.404] exception 'CHttpException' with message 'Unable to resolve the request "index/index".' in C:\wamp\yii\framework\web\CWebApplication.php:287
Stack trace:
#0 C:\wamp\yii\framework\web\CWebApplication.php(142): CWebApplication->runController('index/index')
#1 C:\wamp\yii\framework\base\CApplication.php(162): CWebApplication->processRequest()
#2 C:\wamp\www\itjobsday.com\index.php(13): CApplication->run()
#3 {main}
REQUEST_URI=/index.php/index/index
HTTP_REFERER=http://itjobsday.com/index.php/index/index
---
2012/12/17 07:26:58 [error] [exception.CHttpException.404] exception 'CHttpException' with message 'Unable to resolve the request "index".' in C:\wamp\yii\framework\web\CWebApplication.php:287
Stack trace:
#0 C:\wamp\yii\framework\web\CWebApplication.php(142): CWebApplication->runController('index')
#1 C:\wamp\yii\framework\base\CApplication.php(162): CWebApplication->processRequest()
#2 C:\wamp\www\itjobsday.com\index.php(13): CApplication->run()
#3 {main}
REQUEST_URI=/index.php/index
---
2012/12/17 09:50:04 [error] [exception.CHttpException.404] exception 'CHttpException' with message 'Unable to resolve the request "jobsearch".' in C:\wamp\yii\framework\web\CWebApplication.php:287
Stack trace:
#0 C:\wamp\yii\framework\web\CWebApplication.php(142): CWebApplication->runController('jobsearch')
#1 C:\wamp\yii\framework\base\CApplication.php(162): CWebApplication->processRequest()
#2 C:\wamp\www\itjobsday.com\index.php(13): CApplication->run()
#3 {main}
REQUEST_URI=/index.php/jobsearch
HTTP_REFERER=http://itjobsday.com/index.php/site/index
---
2012/12/17 09:50:07 [error] [exception.CHttpException.404] exception 'CHttpException' with message 'Unable to resolve the request "jobsearch".' in C:\wamp\yii\framework\web\CWebApplication.php:287
Stack trace:
#0 C:\wamp\yii\framework\web\CWebApplication.php(142): CWebApplication->runController('jobsearch')
#1 C:\wamp\yii\framework\base\CApplication.php(162): CWebApplication->processRequest()
#2 C:\wamp\www\itjobsday.com\index.php(13): CApplication->run()
#3 {main}
REQUEST_URI=/index.php/jobsearch
HTTP_REFERER=http://itjobsday.com/index.php/jobsearch
---
2012/12/17 09:50:10 [error] [exception.CHttpException.404] exception 'CHttpException' with message 'Unable to resolve the request "jobsearch".' in C:\wamp\yii\framework\web\CWebApplication.php:287
Stack trace:
#0 C:\wamp\yii\framework\web\CWebApplication.php(142): CWebApplication->runController('jobsearch')
#1 C:\wamp\yii\framework\base\CApplication.php(162): CWebApplication->processRequest()
#2 C:\wamp\www\itjobsday.com\index.php(13): CApplication->run()
#3 {main}
REQUEST_URI=/index.php/jobsearch
HTTP_REFERER=http://itjobsday.com/index.php/jobsearch
---
2012/12/17 09:54:00 [error] [exception.CHttpException.404] exception 'CHttpException' with message 'Unable to resolve the request "jobsearch".' in C:\wamp\yii\framework\web\CWebApplication.php:287
Stack trace:
#0 C:\wamp\yii\framework\web\CWebApplication.php(142): CWebApplication->runController('jobsearch')
#1 C:\wamp\yii\framework\base\CApplication.php(162): CWebApplication->processRequest()
#2 C:\wamp\www\itjobsday.com\index.php(13): CApplication->run()
#3 {main}
REQUEST_URI=/index.php/jobsearch
HTTP_REFERER=http://itjobsday.com/index.php/jobsearch
---
2012/12/17 09:54:01 [error] [exception.CHttpException.404] exception 'CHttpException' with message 'Unable to resolve the request "jobsearch".' in C:\wamp\yii\framework\web\CWebApplication.php:287
Stack trace:
#0 C:\wamp\yii\framework\web\CWebApplication.php(142): CWebApplication->runController('jobsearch')
#1 C:\wamp\yii\framework\base\CApplication.php(162): CWebApplication->processRequest()
#2 C:\wamp\www\itjobsday.com\index.php(13): CApplication->run()
#3 {main}
REQUEST_URI=/index.php/jobsearch
HTTP_REFERER=http://itjobsday.com/index.php/site/index
---
2012/12/17 09:56:46 [error] [exception.CHttpException.404] exception 'CHttpException' with message 'Unable to resolve the request "jobsearch".' in C:\wamp\yii\framework\web\CWebApplication.php:287
Stack trace:
#0 C:\wamp\yii\framework\web\CWebApplication.php(142): CWebApplication->runController('jobsearch')
#1 C:\wamp\yii\framework\base\CApplication.php(162): CWebApplication->processRequest()
#2 C:\wamp\www\itjobsday.com\index.php(13): CApplication->run()
#3 {main}
REQUEST_URI=/index.php/jobsearch
HTTP_REFERER=http://itjobsday.com/index.php/site/index
---
2012/12/17 09:59:20 [error] [exception.CHttpException.404] exception 'CHttpException' with message 'Unable to resolve the request "jobsearch".' in C:\wamp\yii\framework\web\CWebApplication.php:287
Stack trace:
#0 C:\wamp\yii\framework\web\CWebApplication.php(142): CWebApplication->runController('jobsearch')
#1 C:\wamp\yii\framework\base\CApplication.php(162): CWebApplication->processRequest()
#2 C:\wamp\www\itjobsday.com\index.php(13): CApplication->run()
#3 {main}
REQUEST_URI=/index.php/jobsearch
HTTP_REFERER=http://itjobsday.com/index.php/site/index
---
2012/12/17 10:00:11 [error] [exception.CHttpException.404] exception 'CHttpException' with message 'Unable to resolve the request "jobsearch".' in C:\wamp\yii\framework\web\CWebApplication.php:287
Stack trace:
#0 C:\wamp\yii\framework\web\CWebApplication.php(142): CWebApplication->runController('jobsearch')
#1 C:\wamp\yii\framework\base\CApplication.php(162): CWebApplication->processRequest()
#2 C:\wamp\www\itjobsday.com\index.php(13): CApplication->run()
#3 {main}
REQUEST_URI=/index.php/jobsearch
HTTP_REFERER=http://itjobsday.com/index.php/site/index
---
2012/12/17 10:00:13 [error] [exception.CHttpException.404] exception 'CHttpException' with message 'Unable to resolve the request "jobsearch".' in C:\wamp\yii\framework\web\CWebApplication.php:287
Stack trace:
#0 C:\wamp\yii\framework\web\CWebApplication.php(142): CWebApplication->runController('jobsearch')
#1 C:\wamp\yii\framework\base\CApplication.php(162): CWebApplication->processRequest()
#2 C:\wamp\www\itjobsday.com\index.php(13): CApplication->run()
#3 {main}
REQUEST_URI=/index.php/jobsearch
HTTP_REFERER=http://itjobsday.com/index.php/site/index
---
2012/12/17 10:00:13 [error] [exception.CHttpException.404] exception 'CHttpException' with message 'Unable to resolve the request "jobsearch".' in C:\wamp\yii\framework\web\CWebApplication.php:287
Stack trace:
#0 C:\wamp\yii\framework\web\CWebApplication.php(142): CWebApplication->runController('jobsearch')
#1 C:\wamp\yii\framework\base\CApplication.php(162): CWebApplication->processRequest()
#2 C:\wamp\www\itjobsday.com\index.php(13): CApplication->run()
#3 {main}
REQUEST_URI=/index.php/jobsearch
HTTP_REFERER=http://itjobsday.com/index.php/site/index
---
2012/12/17 10:00:13 [error] [exception.CHttpException.404] exception 'CHttpException' with message 'Unable to resolve the request "jobsearch".' in C:\wamp\yii\framework\web\CWebApplication.php:287
Stack trace:
#0 C:\wamp\yii\framework\web\CWebApplication.php(142): CWebApplication->runController('jobsearch')
#1 C:\wamp\yii\framework\base\CApplication.php(162): CWebApplication->processRequest()
#2 C:\wamp\www\itjobsday.com\index.php(13): CApplication->run()
#3 {main}
REQUEST_URI=/index.php/jobsearch
HTTP_REFERER=http://itjobsday.com/index.php/site/index
---
2012/12/17 10:00:14 [error] [exception.CHttpException.404] exception 'CHttpException' with message 'Unable to resolve the request "jobsearch".' in C:\wamp\yii\framework\web\CWebApplication.php:287
Stack trace:
#0 C:\wamp\yii\framework\web\CWebApplication.php(142): CWebApplication->runController('jobsearch')
#1 C:\wamp\yii\framework\base\CApplication.php(162): CWebApplication->processRequest()
#2 C:\wamp\www\itjobsday.com\index.php(13): CApplication->run()
#3 {main}
REQUEST_URI=/index.php/jobsearch
HTTP_REFERER=http://itjobsday.com/index.php/site/index
---
2012/12/17 10:00:14 [error] [exception.CHttpException.404] exception 'CHttpException' with message 'Unable to resolve the request "jobsearch".' in C:\wamp\yii\framework\web\CWebApplication.php:287
Stack trace:
#0 C:\wamp\yii\framework\web\CWebApplication.php(142): CWebApplication->runController('jobsearch')
#1 C:\wamp\yii\framework\base\CApplication.php(162): CWebApplication->processRequest()
#2 C:\wamp\www\itjobsday.com\index.php(13): CApplication->run()
#3 {main}
REQUEST_URI=/index.php/jobsearch
HTTP_REFERER=http://itjobsday.com/index.php/site/index
---
2012/12/17 10:00:14 [error] [exception.CHttpException.404] exception 'CHttpException' with message 'Unable to resolve the request "jobsearch".' in C:\wamp\yii\framework\web\CWebApplication.php:287
Stack trace:
#0 C:\wamp\yii\framework\web\CWebApplication.php(142): CWebApplication->runController('jobsearch')
#1 C:\wamp\yii\framework\base\CApplication.php(162): CWebApplication->processRequest()
#2 C:\wamp\www\itjobsday.com\index.php(13): CApplication->run()
#3 {main}
REQUEST_URI=/index.php/jobsearch
HTTP_REFERER=http://itjobsday.com/index.php/site/index
---
2012/12/17 10:00:14 [error] [exception.CHttpException.404] exception 'CHttpException' with message 'Unable to resolve the request "jobsearch".' in C:\wamp\yii\framework\web\CWebApplication.php:287
Stack trace:
#0 C:\wamp\yii\framework\web\CWebApplication.php(142): CWebApplication->runController('jobsearch')
#1 C:\wamp\yii\framework\base\CApplication.php(162): CWebApplication->processRequest()
#2 C:\wamp\www\itjobsday.com\index.php(13): CApplication->run()
#3 {main}
REQUEST_URI=/index.php/jobsearch
HTTP_REFERER=http://itjobsday.com/index.php/site/index
---
2012/12/17 10:11:46 [error] [exception.CHttpException.404] exception 'CHttpException' with message 'Unable to resolve the request "jobsearch".' in C:\wamp\yii\framework\web\CWebApplication.php:287
Stack trace:
#0 C:\wamp\yii\framework\web\CWebApplication.php(142): CWebApplication->runController('jobsearch')
#1 C:\wamp\yii\framework\base\CApplication.php(162): CWebApplication->processRequest()
#2 C:\wamp\www\itjobsday.com\index.php(13): CApplication->run()
#3 {main}
REQUEST_URI=/index.php/jobsearch
HTTP_REFERER=http://itjobsday.com/index.php/site/index
---
2012/12/17 10:11:47 [error] [exception.CHttpException.404] exception 'CHttpException' with message 'Unable to resolve the request "jobsearch".' in C:\wamp\yii\framework\web\CWebApplication.php:287
Stack trace:
#0 C:\wamp\yii\framework\web\CWebApplication.php(142): CWebApplication->runController('jobsearch')
#1 C:\wamp\yii\framework\base\CApplication.php(162): CWebApplication->processRequest()
#2 C:\wamp\www\itjobsday.com\index.php(13): CApplication->run()
#3 {main}
REQUEST_URI=/index.php/jobsearch
HTTP_REFERER=http://itjobsday.com/index.php/site/index
---
2012/12/17 10:11:48 [error] [exception.CHttpException.404] exception 'CHttpException' with message 'Unable to resolve the request "jobsearch".' in C:\wamp\yii\framework\web\CWebApplication.php:287
Stack trace:
#0 C:\wamp\yii\framework\web\CWebApplication.php(142): CWebApplication->runController('jobsearch')
#1 C:\wamp\yii\framework\base\CApplication.php(162): CWebApplication->processRequest()
#2 C:\wamp\www\itjobsday.com\index.php(13): CApplication->run()
#3 {main}
REQUEST_URI=/index.php/jobsearch
HTTP_REFERER=http://itjobsday.com/index.php/site/index
---
2012/12/17 10:11:48 [error] [exception.CHttpException.404] exception 'CHttpException' with message 'Unable to resolve the request "jobsearch".' in C:\wamp\yii\framework\web\CWebApplication.php:287
Stack trace:
#0 C:\wamp\yii\framework\web\CWebApplication.php(142): CWebApplication->runController('jobsearch')
#1 C:\wamp\yii\framework\base\CApplication.php(162): CWebApplication->processRequest()
#2 C:\wamp\www\itjobsday.com\index.php(13): CApplication->run()
#3 {main}
REQUEST_URI=/index.php/jobsearch
HTTP_REFERER=http://itjobsday.com/index.php/site/index
---
2012/12/17 10:11:49 [error] [exception.CHttpException.404] exception 'CHttpException' with message 'Unable to resolve the request "jobsearch".' in C:\wamp\yii\framework\web\CWebApplication.php:287
Stack trace:
#0 C:\wamp\yii\framework\web\CWebApplication.php(142): CWebApplication->runController('jobsearch')
#1 C:\wamp\yii\framework\base\CApplication.php(162): CWebApplication->processRequest()
#2 C:\wamp\www\itjobsday.com\index.php(13): CApplication->run()
#3 {main}
REQUEST_URI=/index.php/jobsearch
HTTP_REFERER=http://itjobsday.com/index.php/site/index
---
2012/12/17 10:11:49 [error] [exception.CHttpException.404] exception 'CHttpException' with message 'Unable to resolve the request "jobsearch".' in C:\wamp\yii\framework\web\CWebApplication.php:287
Stack trace:
#0 C:\wamp\yii\framework\web\CWebApplication.php(142): CWebApplication->runController('jobsearch')
#1 C:\wamp\yii\framework\base\CApplication.php(162): CWebApplication->processRequest()
#2 C:\wamp\www\itjobsday.com\index.php(13): CApplication->run()
#3 {main}
REQUEST_URI=/index.php/jobsearch
HTTP_REFERER=http://itjobsday.com/index.php/site/index
---
2012/12/17 10:11:49 [error] [exception.CHttpException.404] exception 'CHttpException' with message 'Unable to resolve the request "jobsearch".' in C:\wamp\yii\framework\web\CWebApplication.php:287
Stack trace:
#0 C:\wamp\yii\framework\web\CWebApplication.php(142): CWebApplication->runController('jobsearch')
#1 C:\wamp\yii\framework\base\CApplication.php(162): CWebApplication->processRequest()
#2 C:\wamp\www\itjobsday.com\index.php(13): CApplication->run()
#3 {main}
REQUEST_URI=/index.php/jobsearch
HTTP_REFERER=http://itjobsday.com/index.php/site/index
---
2012/12/17 10:11:49 [error] [exception.CHttpException.404] exception 'CHttpException' with message 'Unable to resolve the request "jobsearch".' in C:\wamp\yii\framework\web\CWebApplication.php:287
Stack trace:
#0 C:\wamp\yii\framework\web\CWebApplication.php(142): CWebApplication->runController('jobsearch')
#1 C:\wamp\yii\framework\base\CApplication.php(162): CWebApplication->processRequest()
#2 C:\wamp\www\itjobsday.com\index.php(13): CApplication->run()
#3 {main}
REQUEST_URI=/index.php/jobsearch
HTTP_REFERER=http://itjobsday.com/index.php/site/index
---
2012/12/17 10:11:49 [error] [exception.CHttpException.404] exception 'CHttpException' with message 'Unable to resolve the request "jobsearch".' in C:\wamp\yii\framework\web\CWebApplication.php:287
Stack trace:
#0 C:\wamp\yii\framework\web\CWebApplication.php(142): CWebApplication->runController('jobsearch')
#1 C:\wamp\yii\framework\base\CApplication.php(162): CWebApplication->processRequest()
#2 C:\wamp\www\itjobsday.com\index.php(13): CApplication->run()
#3 {main}
REQUEST_URI=/index.php/jobsearch
HTTP_REFERER=http://itjobsday.com/index.php/site/index
---
2012/12/17 10:11:50 [error] [exception.CHttpException.404] exception 'CHttpException' with message 'Unable to resolve the request "jobsearch".' in C:\wamp\yii\framework\web\CWebApplication.php:287
Stack trace:
#0 C:\wamp\yii\framework\web\CWebApplication.php(142): CWebApplication->runController('jobsearch')
#1 C:\wamp\yii\framework\base\CApplication.php(162): CWebApplication->processRequest()
#2 C:\wamp\www\itjobsday.com\index.php(13): CApplication->run()
#3 {main}
REQUEST_URI=/index.php/jobsearch
HTTP_REFERER=http://itjobsday.com/index.php/site/index
---
2012/12/17 10:11:50 [error] [exception.CHttpException.404] exception 'CHttpException' with message 'Unable to resolve the request "jobsearch".' in C:\wamp\yii\framework\web\CWebApplication.php:287
Stack trace:
#0 C:\wamp\yii\framework\web\CWebApplication.php(142): CWebApplication->runController('jobsearch')
#1 C:\wamp\yii\framework\base\CApplication.php(162): CWebApplication->processRequest()
#2 C:\wamp\www\itjobsday.com\index.php(13): CApplication->run()
#3 {main}
REQUEST_URI=/index.php/jobsearch
HTTP_REFERER=http://itjobsday.com/index.php/site/index
---
2012/12/17 10:11:50 [error] [exception.CHttpException.404] exception 'CHttpException' with message 'Unable to resolve the request "jobsearch".' in C:\wamp\yii\framework\web\CWebApplication.php:287
Stack trace:
#0 C:\wamp\yii\framework\web\CWebApplication.php(142): CWebApplication->runController('jobsearch')
#1 C:\wamp\yii\framework\base\CApplication.php(162): CWebApplication->processRequest()
#2 C:\wamp\www\itjobsday.com\index.php(13): CApplication->run()
#3 {main}
REQUEST_URI=/index.php/jobsearch
HTTP_REFERER=http://itjobsday.com/index.php/site/index
---
2012/12/17 10:11:50 [error] [exception.CHttpException.404] exception 'CHttpException' with message 'Unable to resolve the request "jobsearch".' in C:\wamp\yii\framework\web\CWebApplication.php:287
Stack trace:
#0 C:\wamp\yii\framework\web\CWebApplication.php(142): CWebApplication->runController('jobsearch')
#1 C:\wamp\yii\framework\base\CApplication.php(162): CWebApplication->processRequest()
#2 C:\wamp\www\itjobsday.com\index.php(13): CApplication->run()
#3 {main}
REQUEST_URI=/index.php/jobsearch
HTTP_REFERER=http://itjobsday.com/index.php/site/index
---
2012/12/17 10:11:50 [error] [exception.CHttpException.404] exception 'CHttpException' with message 'Unable to resolve the request "jobsearch".' in C:\wamp\yii\framework\web\CWebApplication.php:287
Stack trace:
#0 C:\wamp\yii\framework\web\CWebApplication.php(142): CWebApplication->runController('jobsearch')
#1 C:\wamp\yii\framework\base\CApplication.php(162): CWebApplication->processRequest()
#2 C:\wamp\www\itjobsday.com\index.php(13): CApplication->run()
#3 {main}
REQUEST_URI=/index.php/jobsearch
HTTP_REFERER=http://itjobsday.com/index.php/site/index
---
2012/12/17 10:11:51 [error] [exception.CHttpException.404] exception 'CHttpException' with message 'Unable to resolve the request "jobsearch".' in C:\wamp\yii\framework\web\CWebApplication.php:287
Stack trace:
#0 C:\wamp\yii\framework\web\CWebApplication.php(142): CWebApplication->runController('jobsearch')
#1 C:\wamp\yii\framework\base\CApplication.php(162): CWebApplication->processRequest()
#2 C:\wamp\www\itjobsday.com\index.php(13): CApplication->run()
#3 {main}
REQUEST_URI=/index.php/jobsearch
HTTP_REFERER=http://itjobsday.com/index.php/site/index
---
2012/12/17 10:11:51 [error] [exception.CHttpException.404] exception 'CHttpException' with message 'Unable to resolve the request "jobsearch".' in C:\wamp\yii\framework\web\CWebApplication.php:287
Stack trace:
#0 C:\wamp\yii\framework\web\CWebApplication.php(142): CWebApplication->runController('jobsearch')
#1 C:\wamp\yii\framework\base\CApplication.php(162): CWebApplication->processRequest()
#2 C:\wamp\www\itjobsday.com\index.php(13): CApplication->run()
#3 {main}
REQUEST_URI=/index.php/jobsearch
HTTP_REFERER=http://itjobsday.com/index.php/site/index
---
2012/12/17 10:11:51 [error] [exception.CHttpException.404] exception 'CHttpException' with message 'Unable to resolve the request "jobsearch".' in C:\wamp\yii\framework\web\CWebApplication.php:287
Stack trace:
#0 C:\wamp\yii\framework\web\CWebApplication.php(142): CWebApplication->runController('jobsearch')
#1 C:\wamp\yii\framework\base\CApplication.php(162): CWebApplication->processRequest()
#2 C:\wamp\www\itjobsday.com\index.php(13): CApplication->run()
#3 {main}
REQUEST_URI=/index.php/jobsearch
HTTP_REFERER=http://itjobsday.com/index.php/site/index
---
2012/12/17 10:11:51 [error] [exception.CHttpException.404] exception 'CHttpException' with message 'Unable to resolve the request "jobsearch".' in C:\wamp\yii\framework\web\CWebApplication.php:287
Stack trace:
#0 C:\wamp\yii\framework\web\CWebApplication.php(142): CWebApplication->runController('jobsearch')
#1 C:\wamp\yii\framework\base\CApplication.php(162): CWebApplication->processRequest()
#2 C:\wamp\www\itjobsday.com\index.php(13): CApplication->run()
#3 {main}
REQUEST_URI=/index.php/jobsearch
HTTP_REFERER=http://itjobsday.com/index.php/site/index
---
2012/12/17 10:11:51 [error] [exception.CHttpException.404] exception 'CHttpException' with message 'Unable to resolve the request "jobsearch".' in C:\wamp\yii\framework\web\CWebApplication.php:287
Stack trace:
#0 C:\wamp\yii\framework\web\CWebApplication.php(142): CWebApplication->runController('jobsearch')
#1 C:\wamp\yii\framework\base\CApplication.php(162): CWebApplication->processRequest()
#2 C:\wamp\www\itjobsday.com\index.php(13): CApplication->run()
#3 {main}
REQUEST_URI=/index.php/jobsearch
HTTP_REFERER=http://itjobsday.com/index.php/site/index
---
2012/12/17 10:11:51 [error] [exception.CHttpException.404] exception 'CHttpException' with message 'Unable to resolve the request "jobsearch".' in C:\wamp\yii\framework\web\CWebApplication.php:287
Stack trace:
#0 C:\wamp\yii\framework\web\CWebApplication.php(142): CWebApplication->runController('jobsearch')
#1 C:\wamp\yii\framework\base\CApplication.php(162): CWebApplication->processRequest()
#2 C:\wamp\www\itjobsday.com\index.php(13): CApplication->run()
#3 {main}
REQUEST_URI=/index.php/jobsearch
HTTP_REFERER=http://itjobsday.com/index.php/site/index
---
2012/12/17 10:11:51 [error] [exception.CHttpException.404] exception 'CHttpException' with message 'Unable to resolve the request "jobsearch".' in C:\wamp\yii\framework\web\CWebApplication.php:287
Stack trace:
#0 C:\wamp\yii\framework\web\CWebApplication.php(142): CWebApplication->runController('jobsearch')
#1 C:\wamp\yii\framework\base\CApplication.php(162): CWebApplication->processRequest()
#2 C:\wamp\www\itjobsday.com\index.php(13): CApplication->run()
#3 {main}
REQUEST_URI=/index.php/jobsearch
HTTP_REFERER=http://itjobsday.com/index.php/site/index
---
2012/12/17 10:11:51 [error] [exception.CHttpException.404] exception 'CHttpException' with message 'Unable to resolve the request "jobsearch".' in C:\wamp\yii\framework\web\CWebApplication.php:287
Stack trace:
#0 C:\wamp\yii\framework\web\CWebApplication.php(142): CWebApplication->runController('jobsearch')
#1 C:\wamp\yii\framework\base\CApplication.php(162): CWebApplication->processRequest()
#2 C:\wamp\www\itjobsday.com\index.php(13): CApplication->run()
#3 {main}
REQUEST_URI=/index.php/jobsearch
HTTP_REFERER=http://itjobsday.com/index.php/site/index
---
2012/12/17 10:11:51 [error] [exception.CHttpException.404] exception 'CHttpException' with message 'Unable to resolve the request "jobsearch".' in C:\wamp\yii\framework\web\CWebApplication.php:287
Stack trace:
#0 C:\wamp\yii\framework\web\CWebApplication.php(142): CWebApplication->runController('jobsearch')
#1 C:\wamp\yii\framework\base\CApplication.php(162): CWebApplication->processRequest()
#2 C:\wamp\www\itjobsday.com\index.php(13): CApplication->run()
#3 {main}
REQUEST_URI=/index.php/jobsearch
HTTP_REFERER=http://itjobsday.com/index.php/site/index
---
2012/12/17 10:11:52 [error] [exception.CHttpException.404] exception 'CHttpException' with message 'Unable to resolve the request "jobsearch".' in C:\wamp\yii\framework\web\CWebApplication.php:287
Stack trace:
#0 C:\wamp\yii\framework\web\CWebApplication.php(142): CWebApplication->runController('jobsearch')
#1 C:\wamp\yii\framework\base\CApplication.php(162): CWebApplication->processRequest()
#2 C:\wamp\www\itjobsday.com\index.php(13): CApplication->run()
#3 {main}
REQUEST_URI=/index.php/jobsearch
HTTP_REFERER=http://itjobsday.com/index.php/site/index
---
2012/12/17 10:11:52 [error] [exception.CHttpException.404] exception 'CHttpException' with message 'Unable to resolve the request "jobsearch".' in C:\wamp\yii\framework\web\CWebApplication.php:287
Stack trace:
#0 C:\wamp\yii\framework\web\CWebApplication.php(142): CWebApplication->runController('jobsearch')
#1 C:\wamp\yii\framework\base\CApplication.php(162): CWebApplication->processRequest()
#2 C:\wamp\www\itjobsday.com\index.php(13): CApplication->run()
#3 {main}
REQUEST_URI=/index.php/jobsearch
HTTP_REFERER=http://itjobsday.com/index.php/site/index
---
2012/12/17 10:11:52 [error] [exception.CHttpException.404] exception 'CHttpException' with message 'Unable to resolve the request "jobsearch".' in C:\wamp\yii\framework\web\CWebApplication.php:287
Stack trace:
#0 C:\wamp\yii\framework\web\CWebApplication.php(142): CWebApplication->runController('jobsearch')
#1 C:\wamp\yii\framework\base\CApplication.php(162): CWebApplication->processRequest()
#2 C:\wamp\www\itjobsday.com\index.php(13): CApplication->run()
#3 {main}
REQUEST_URI=/index.php/jobsearch
HTTP_REFERER=http://itjobsday.com/index.php/site/index
---
2012/12/17 10:11:52 [error] [exception.CHttpException.404] exception 'CHttpException' with message 'Unable to resolve the request "jobsearch".' in C:\wamp\yii\framework\web\CWebApplication.php:287
Stack trace:
#0 C:\wamp\yii\framework\web\CWebApplication.php(142): CWebApplication->runController('jobsearch')
#1 C:\wamp\yii\framework\base\CApplication.php(162): CWebApplication->processRequest()
#2 C:\wamp\www\itjobsday.com\index.php(13): CApplication->run()
#3 {main}
REQUEST_URI=/index.php/jobsearch
HTTP_REFERER=http://itjobsday.com/index.php/site/index
---
2012/12/17 10:13:32 [error] [exception.CHttpException.404] exception 'CHttpException' with message 'Unable to resolve the request "jobsearch".' in C:\wamp\yii\framework\web\CWebApplication.php:287
Stack trace:
#0 C:\wamp\yii\framework\web\CWebApplication.php(142): CWebApplication->runController('jobsearch')
#1 C:\wamp\yii\framework\base\CApplication.php(162): CWebApplication->processRequest()
#2 C:\wamp\www\itjobsday.com\index.php(13): CApplication->run()
#3 {main}
REQUEST_URI=/index.php/jobsearch
HTTP_REFERER=http://itjobsday.com/index.php/site/index
---
2012/12/17 10:13:33 [error] [exception.CHttpException.404] exception 'CHttpException' with message 'Unable to resolve the request "jobsearch".' in C:\wamp\yii\framework\web\CWebApplication.php:287
Stack trace:
#0 C:\wamp\yii\framework\web\CWebApplication.php(142): CWebApplication->runController('jobsearch')
#1 C:\wamp\yii\framework\base\CApplication.php(162): CWebApplication->processRequest()
#2 C:\wamp\www\itjobsday.com\index.php(13): CApplication->run()
#3 {main}
REQUEST_URI=/index.php/jobsearch
HTTP_REFERER=http://itjobsday.com/index.php/site/index
---
2012/12/17 10:13:33 [error] [exception.CHttpException.404] exception 'CHttpException' with message 'Unable to resolve the request "jobsearch".' in C:\wamp\yii\framework\web\CWebApplication.php:287
Stack trace:
#0 C:\wamp\yii\framework\web\CWebApplication.php(142): CWebApplication->runController('jobsearch')
#1 C:\wamp\yii\framework\base\CApplication.php(162): CWebApplication->processRequest()
#2 C:\wamp\www\itjobsday.com\index.php(13): CApplication->run()
#3 {main}
REQUEST_URI=/index.php/jobsearch
HTTP_REFERER=http://itjobsday.com/index.php/site/index
---
2012/12/17 10:13:33 [error] [exception.CHttpException.404] exception 'CHttpException' with message 'Unable to resolve the request "jobsearch".' in C:\wamp\yii\framework\web\CWebApplication.php:287
Stack trace:
#0 C:\wamp\yii\framework\web\CWebApplication.php(142): CWebApplication->runController('jobsearch')
#1 C:\wamp\yii\framework\base\CApplication.php(162): CWebApplication->processRequest()
#2 C:\wamp\www\itjobsday.com\index.php(13): CApplication->run()
#3 {main}
REQUEST_URI=/index.php/jobsearch
HTTP_REFERER=http://itjobsday.com/index.php/site/index
---
2012/12/17 10:13:33 [error] [exception.CHttpException.404] exception 'CHttpException' with message 'Unable to resolve the request "jobsearch".' in C:\wamp\yii\framework\web\CWebApplication.php:287
Stack trace:
#0 C:\wamp\yii\framework\web\CWebApplication.php(142): CWebApplication->runController('jobsearch')
#1 C:\wamp\yii\framework\base\CApplication.php(162): CWebApplication->processRequest()
#2 C:\wamp\www\itjobsday.com\index.php(13): CApplication->run()
#3 {main}
REQUEST_URI=/index.php/jobsearch
HTTP_REFERER=http://itjobsday.com/index.php/site/index
---
2012/12/17 10:16:00 [error] [exception.CHttpException.404] exception 'CHttpException' with message 'Unable to resolve the request "jobsearch".' in C:\wamp\yii\framework\web\CWebApplication.php:287
Stack trace:
#0 C:\wamp\yii\framework\web\CWebApplication.php(142): CWebApplication->runController('jobsearch')
#1 C:\wamp\yii\framework\base\CApplication.php(162): CWebApplication->processRequest()
#2 C:\wamp\www\itjobsday.com\index.php(13): CApplication->run()
#3 {main}
REQUEST_URI=/index.php/jobsearch
HTTP_REFERER=http://itjobsday.com/index.php/site/index
---
2012/12/17 10:16:01 [error] [exception.CHttpException.404] exception 'CHttpException' with message 'Unable to resolve the request "jobsearch".' in C:\wamp\yii\framework\web\CWebApplication.php:287
Stack trace:
#0 C:\wamp\yii\framework\web\CWebApplication.php(142): CWebApplication->runController('jobsearch')
#1 C:\wamp\yii\framework\base\CApplication.php(162): CWebApplication->processRequest()
#2 C:\wamp\www\itjobsday.com\index.php(13): CApplication->run()
#3 {main}
REQUEST_URI=/index.php/jobsearch
HTTP_REFERER=http://itjobsday.com/index.php/site/index
---
2012/12/17 10:16:02 [error] [exception.CHttpException.404] exception 'CHttpException' with message 'Unable to resolve the request "jobsearch".' in C:\wamp\yii\framework\web\CWebApplication.php:287
Stack trace:
#0 C:\wamp\yii\framework\web\CWebApplication.php(142): CWebApplication->runController('jobsearch')
#1 C:\wamp\yii\framework\base\CApplication.php(162): CWebApplication->processRequest()
#2 C:\wamp\www\itjobsday.com\index.php(13): CApplication->run()
#3 {main}
REQUEST_URI=/index.php/jobsearch
HTTP_REFERER=http://itjobsday.com/index.php/site/index
---
2012/12/17 10:16:06 [error] [exception.CHttpException.404] exception 'CHttpException' with message 'Unable to resolve the request "user/login".' in C:\wamp\yii\framework\web\CWebApplication.php:287
Stack trace:
#0 C:\wamp\yii\framework\web\CWebApplication.php(142): CWebApplication->runController('user/login')
#1 C:\wamp\yii\framework\base\CApplication.php(162): CWebApplication->processRequest()
#2 C:\wamp\www\itjobsday.com\index.php(13): CApplication->run()
#3 {main}
REQUEST_URI=/index.php/user/login
HTTP_REFERER=http://itjobsday.com/index.php/jobsearch
---
2012/12/17 10:16:07 [error] [exception.CHttpException.404] exception 'CHttpException' with message 'Unable to resolve the request "user/login".' in C:\wamp\yii\framework\web\CWebApplication.php:287
Stack trace:
#0 C:\wamp\yii\framework\web\CWebApplication.php(142): CWebApplication->runController('user/login')
#1 C:\wamp\yii\framework\base\CApplication.php(162): CWebApplication->processRequest()
#2 C:\wamp\www\itjobsday.com\index.php(13): CApplication->run()
#3 {main}
REQUEST_URI=/index.php/user/login
HTTP_REFERER=http://itjobsday.com/index.php/user/login
---
2012/12/17 10:16:08 [error] [exception.CHttpException.404] exception 'CHttpException' with message 'Unable to resolve the request "user/login".' in C:\wamp\yii\framework\web\CWebApplication.php:287
Stack trace:
#0 C:\wamp\yii\framework\web\CWebApplication.php(142): CWebApplication->runController('user/login')
#1 C:\wamp\yii\framework\base\CApplication.php(162): CWebApplication->processRequest()
#2 C:\wamp\www\itjobsday.com\index.php(13): CApplication->run()
#3 {main}
REQUEST_URI=/index.php/user/login
HTTP_REFERER=http://itjobsday.com/index.php/user/login
---
2012/12/17 10:16:09 [error] [exception.CHttpException.404] exception 'CHttpException' with message 'Unable to resolve the request "user/login".' in C:\wamp\yii\framework\web\CWebApplication.php:287
Stack trace:
#0 C:\wamp\yii\framework\web\CWebApplication.php(142): CWebApplication->runController('user/login')
#1 C:\wamp\yii\framework\base\CApplication.php(162): CWebApplication->processRequest()
#2 C:\wamp\www\itjobsday.com\index.php(13): CApplication->run()
#3 {main}
REQUEST_URI=/index.php/user/login
HTTP_REFERER=http://itjobsday.com/index.php/user/login
---
2012/12/17 10:16:11 [error] [exception.CHttpException.404] exception 'CHttpException' with message 'Unable to resolve the request "user/login".' in C:\wamp\yii\framework\web\CWebApplication.php:287
Stack trace:
#0 C:\wamp\yii\framework\web\CWebApplication.php(142): CWebApplication->runController('user/login')
#1 C:\wamp\yii\framework\base\CApplication.php(162): CWebApplication->processRequest()
#2 C:\wamp\www\itjobsday.com\index.php(13): CApplication->run()
#3 {main}
REQUEST_URI=/index.php/user/login
HTTP_REFERER=http://itjobsday.com/index.php/user/login
---
2012/12/17 10:16:35 [error] [exception.CHttpException.404] exception 'CHttpException' with message 'Unable to resolve the request "user/login".' in C:\wamp\yii\framework\web\CWebApplication.php:287
Stack trace:
#0 C:\wamp\yii\framework\web\CWebApplication.php(142): CWebApplication->runController('user/login')
#1 C:\wamp\yii\framework\base\CApplication.php(162): CWebApplication->processRequest()
#2 C:\wamp\www\itjobsday.com\index.php(13): CApplication->run()
#3 {main}
REQUEST_URI=/index.php/user/login
HTTP_REFERER=http://itjobsday.com/index.php/user/login
---
2012/12/17 10:16:37 [error] [exception.CHttpException.404] exception 'CHttpException' with message 'Unable to resolve the request "user/login".' in C:\wamp\yii\framework\web\CWebApplication.php:287
Stack trace:
#0 C:\wamp\yii\framework\web\CWebApplication.php(142): CWebApplication->runController('user/login')
#1 C:\wamp\yii\framework\base\CApplication.php(162): CWebApplication->processRequest()
#2 C:\wamp\www\itjobsday.com\index.php(13): CApplication->run()
#3 {main}
REQUEST_URI=/index.php/user/login
HTTP_REFERER=http://itjobsday.com/index.php/user/login
---
2012/12/17 10:16:38 [error] [exception.CHttpException.404] exception 'CHttpException' with message 'Unable to resolve the request "user/login".' in C:\wamp\yii\framework\web\CWebApplication.php:287
Stack trace:
#0 C:\wamp\yii\framework\web\CWebApplication.php(142): CWebApplication->runController('user/login')
#1 C:\wamp\yii\framework\base\CApplication.php(162): CWebApplication->processRequest()
#2 C:\wamp\www\itjobsday.com\index.php(13): CApplication->run()
#3 {main}
REQUEST_URI=/index.php/user/login
HTTP_REFERER=http://itjobsday.com/index.php/user/login
---
2012/12/17 10:16:39 [error] [exception.CHttpException.404] exception 'CHttpException' with message 'Unable to resolve the request "user/login".' in C:\wamp\yii\framework\web\CWebApplication.php:287
Stack trace:
#0 C:\wamp\yii\framework\web\CWebApplication.php(142): CWebApplication->runController('user/login')
#1 C:\wamp\yii\framework\base\CApplication.php(162): CWebApplication->processRequest()
#2 C:\wamp\www\itjobsday.com\index.php(13): CApplication->run()
#3 {main}
REQUEST_URI=/index.php/user/login
HTTP_REFERER=http://itjobsday.com/index.php/user/login
---
2012/12/17 10:17:02 [error] [exception.CHttpException.404] exception 'CHttpException' with message 'Unable to resolve the request "user/login".' in C:\wamp\yii\framework\web\CWebApplication.php:287
Stack trace:
#0 C:\wamp\yii\framework\web\CWebApplication.php(142): CWebApplication->runController('user/login')
#1 C:\wamp\yii\framework\base\CApplication.php(162): CWebApplication->processRequest()
#2 C:\wamp\www\itjobsday.com\index.php(13): CApplication->run()
#3 {main}
REQUEST_URI=/index.php/user/login
HTTP_REFERER=http://itjobsday.com/index.php/user/login
---
2012/12/17 10:17:05 [error] [exception.CHttpException.404] exception 'CHttpException' with message 'Unable to resolve the request "user/login".' in C:\wamp\yii\framework\web\CWebApplication.php:287
Stack trace:
#0 C:\wamp\yii\framework\web\CWebApplication.php(142): CWebApplication->runController('user/login')
#1 C:\wamp\yii\framework\base\CApplication.php(162): CWebApplication->processRequest()
#2 C:\wamp\www\itjobsday.com\index.php(13): CApplication->run()
#3 {main}
REQUEST_URI=/index.php/user/login
HTTP_REFERER=http://itjobsday.com/index.php/user/login
---
2012/12/17 10:17:06 [error] [exception.CHttpException.404] exception 'CHttpException' with message 'Unable to resolve the request "user/login".' in C:\wamp\yii\framework\web\CWebApplication.php:287
Stack trace:
#0 C:\wamp\yii\framework\web\CWebApplication.php(142): CWebApplication->runController('user/login')
#1 C:\wamp\yii\framework\base\CApplication.php(162): CWebApplication->processRequest()
#2 C:\wamp\www\itjobsday.com\index.php(13): CApplication->run()
#3 {main}
REQUEST_URI=/index.php/user/login
HTTP_REFERER=http://itjobsday.com/index.php/user/login
---
2012/12/17 10:17:36 [error] [exception.CHttpException.404] exception 'CHttpException' with message 'Unable to resolve the request "user/login".' in C:\wamp\yii\framework\web\CWebApplication.php:287
Stack trace:
#0 C:\wamp\yii\framework\web\CWebApplication.php(142): CWebApplication->runController('user/login')
#1 C:\wamp\yii\framework\base\CApplication.php(162): CWebApplication->processRequest()
#2 C:\wamp\www\itjobsday.com\index.php(13): CApplication->run()
#3 {main}
REQUEST_URI=/index.php/user/login
HTTP_REFERER=http://itjobsday.com/index.php/user/login
---
2012/12/17 10:17:50 [error] [exception.CHttpException.404] exception 'CHttpException' with message 'Unable to resolve the request "jobsearch/search".' in C:\wamp\yii\framework\web\CWebApplication.php:287
Stack trace:
#0 C:\wamp\yii\framework\web\CWebApplication.php(142): CWebApplication->runController('jobsearch/searc...')
#1 C:\wamp\yii\framework\base\CApplication.php(162): CWebApplication->processRequest()
#2 C:\wamp\www\itjobsday.com\index.php(13): CApplication->run()
#3 {main}
REQUEST_URI=/index.php/jobsearch/search
HTTP_REFERER=http://itjobsday.com/index.php/site/index
---
2012/12/17 10:17:53 [error] [exception.CHttpException.404] exception 'CHttpException' with message 'Unable to resolve the request "user/login".' in C:\wamp\yii\framework\web\CWebApplication.php:287
Stack trace:
#0 C:\wamp\yii\framework\web\CWebApplication.php(142): CWebApplication->runController('user/login')
#1 C:\wamp\yii\framework\base\CApplication.php(162): CWebApplication->processRequest()
#2 C:\wamp\www\itjobsday.com\index.php(13): CApplication->run()
#3 {main}
REQUEST_URI=/index.php/user/login
HTTP_REFERER=http://itjobsday.com/index.php/site/index
---
2012/12/17 10:20:19 [error] [exception.CHttpException.404] exception 'CHttpException' with message 'Unable to resolve the request "jobsearch/search".' in C:\wamp\yii\framework\web\CWebApplication.php:287
Stack trace:
#0 C:\wamp\yii\framework\web\CWebApplication.php(142): CWebApplication->runController('jobsearch/searc...')
#1 C:\wamp\yii\framework\base\CApplication.php(162): CWebApplication->processRequest()
#2 C:\wamp\www\itjobsday.com\index.php(13): CApplication->run()
#3 {main}
REQUEST_URI=/index.php/jobsearch/search
HTTP_REFERER=http://itjobsday.com/index.php/site/index
---
2012/12/17 10:20:20 [error] [exception.CHttpException.404] exception 'CHttpException' with message 'Unable to resolve the request "user/login".' in C:\wamp\yii\framework\web\CWebApplication.php:287
Stack trace:
#0 C:\wamp\yii\framework\web\CWebApplication.php(142): CWebApplication->runController('user/login')
#1 C:\wamp\yii\framework\base\CApplication.php(162): CWebApplication->processRequest()
#2 C:\wamp\www\itjobsday.com\index.php(13): CApplication->run()
#3 {main}
REQUEST_URI=/index.php/user/login
HTTP_REFERER=http://itjobsday.com/index.php/jobsearch/search
---
2012/12/17 10:20:21 [error] [exception.CHttpException.404] exception 'CHttpException' with message 'Unable to resolve the request "user/login".' in C:\wamp\yii\framework\web\CWebApplication.php:287
Stack trace:
#0 C:\wamp\yii\framework\web\CWebApplication.php(142): CWebApplication->runController('user/login')
#1 C:\wamp\yii\framework\base\CApplication.php(162): CWebApplication->processRequest()
#2 C:\wamp\www\itjobsday.com\index.php(13): CApplication->run()
#3 {main}
REQUEST_URI=/index.php/user/login
HTTP_REFERER=http://itjobsday.com/index.php/user/login
---
2012/12/17 10:20:23 [error] [exception.CHttpException.404] exception 'CHttpException' with message 'Unable to resolve the request "user/login".' in C:\wamp\yii\framework\web\CWebApplication.php:287
Stack trace:
#0 C:\wamp\yii\framework\web\CWebApplication.php(142): CWebApplication->runController('user/login')
#1 C:\wamp\yii\framework\base\CApplication.php(162): CWebApplication->processRequest()
#2 C:\wamp\www\itjobsday.com\index.php(13): CApplication->run()
#3 {main}
REQUEST_URI=/index.php/user/login
HTTP_REFERER=http://itjobsday.com/index.php/user/login
---
